<?xml version="1.0" encoding="UTF-8" ?>
<testsuite failures="0" time="0.036" errors="0" skipped="0" tests="1" name="com.mkexample.spring.webservices.AppTest">
  <properties>
    <property name="java.runtime.name" value="Java(TM) SE Runtime Environment"/>
    <property name="sun.boot.library.path" value="/System/Library/Java/JavaVirtualMachines/1.6.0.jdk/Contents/Libraries"/>
    <property name="java.vm.version" value="20.4-b02-402"/>
    <property name="awt.nativeDoubleBuffering" value="true"/>
    <property name="gopherProxySet" value="false"/>
    <property name="mrj.build" value="11M3527"/>
    <property name="java.vm.vendor" value="Apple Inc."/>
    <property name="java.vendor.url" value="http://www.apple.com/"/>
    <property name="path.separator" value=":"/>
    <property name="java.vm.name" value="Java HotSpot(TM) 64-Bit Server VM"/>
    <property name="file.encoding.pkg" value="sun.io"/>
    <property name="user.country" value="US"/>
    <property name="sun.java.launcher" value="SUN_STANDARD"/>
    <property name="sun.os.patch.level" value="unknown"/>
    <property name="java.vm.specification.name" value="Java Virtual Machine Specification"/>
    <property name="user.dir" value="/Users/csubramani/SpringWebServicesExamples"/>
    <property name="java.runtime.version" value="1.6.0_29-b11-402-11M3527"/>
    <property name="java.awt.graphicsenv" value="apple.awt.CGraphicsEnvironment"/>
    <property name="basedir" value="/Users/csubramani/SpringWebServicesExamples"/>
    <property name="java.endorsed.dirs" value="/System/Library/Java/JavaVirtualMachines/1.6.0.jdk/Contents/Home/lib/endorsed"/>
    <property name="os.arch" value="x86_64"/>
    <property name="surefire.real.class.path" value="/Users/csubramani/SpringWebServicesExamples/target/surefire/surefirebooter4941179469213341385.jar"/>
    <property name="java.io.tmpdir" value="/var/folders/q4/gvct8qps1j17jzck707p2pg0wjzdl9/T/"/>
    <property name="line.separator" value="
"/>
    <property name="java.vm.specification.vendor" value="Sun Microsystems Inc."/>
    <property name="os.name" value="Mac OS X"/>
    <property name="sun.jnu.encoding" value="MacRoman"/>
    <property name="java.library.path" value=":/webapps/jstor/kakadu:.:/Library/Java/Extensions:/System/Library/Java/Extensions:/usr/lib/java"/>
    <property name="surefire.test.class.path" value="/Users/csubramani/SpringWebServicesExamples/target/test-classes:/Users/csubramani/SpringWebServicesExamples/target/classes:/Users/csubramani/.m2/repository/junit/junit/3.8.1/junit-3.8.1.jar:/Users/csubramani/.m2/repository/org/springframework/spring/2.5.6/spring-2.5.6.jar:/Users/csubramani/.m2/repository/commons-logging/commons-logging/1.1.1/commons-logging-1.1.1.jar:/Users/csubramani/.m2/repository/org/apache/axis2/axis2/1.6.2/axis2-1.6.2.jar:/Users/csubramani/.m2/repository/org/apache/axis2/axis2-adb/1.6.2/axis2-adb-1.6.2.jar:/Users/csubramani/.m2/repository/org/apache/axis2/axis2-kernel/1.6.2/axis2-kernel-1.6.2.jar:/Users/csubramani/.m2/repository/org/apache/geronimo/specs/geronimo-ws-metadata_2.0_spec/1.1.2/geronimo-ws-metadata_2.0_spec-1.1.2.jar:/Users/csubramani/.m2/repository/org/apache/geronimo/specs/geronimo-jta_1.1_spec/1.1/geronimo-jta_1.1_spec-1.1.jar:/Users/csubramani/.m2/repository/javax/servlet/servlet-api/2.3/servlet-api-2.3.jar:/Users/csubramani/.m2/repository/commons-httpclient/commons-httpclient/3.1/commons-httpclient-3.1.jar:/Users/csubramani/.m2/repository/commons-codec/commons-codec/1.2/commons-codec-1.2.jar:/Users/csubramani/.m2/repository/commons-fileupload/commons-fileupload/1.2/commons-fileupload-1.2.jar:/Users/csubramani/.m2/repository/org/apache/ws/commons/schema/XmlSchema/1.4.7/XmlSchema-1.4.7.jar:/Users/csubramani/.m2/repository/org/apache/neethi/neethi/3.0.2/neethi-3.0.2.jar:/Users/csubramani/.m2/repository/org/apache/woden/woden-api/1.0M9/woden-api-1.0M9.jar:/Users/csubramani/.m2/repository/org/apache/woden/woden-impl-dom/1.0M9/woden-impl-dom-1.0M9.jar:/Users/csubramani/.m2/repository/org/apache/woden/woden-impl-commons/1.0M9/woden-impl-commons-1.0M9.jar:/Users/csubramani/.m2/repository/javax/ws/rs/jsr311-api/1.0/jsr311-api-1.0.jar:/Users/csubramani/.m2/repository/org/apache/geronimo/specs/geronimo-activation_1.1_spec/1.0.2/geronimo-activation_1.1_spec-1.0.2.jar:/Users/csubramani/.m2/repository/org/apache/ws/commons/axiom/axiom-api/1.2.13/axiom-api-1.2.13.jar:/Users/csubramani/.m2/repository/org/apache/geronimo/specs/geronimo-javamail_1.4_spec/1.7.1/geronimo-javamail_1.4_spec-1.7.1.jar:/Users/csubramani/.m2/repository/jaxen/jaxen/1.1.3/jaxen-1.1.3.jar:/Users/csubramani/.m2/repository/org/apache/geronimo/specs/geronimo-stax-api_1.0_spec/1.0.1/geronimo-stax-api_1.0_spec-1.0.1.jar:/Users/csubramani/.m2/repository/org/apache/james/apache-mime4j-core/0.7.2/apache-mime4j-core-0.7.2.jar:/Users/csubramani/.m2/repository/org/apache/ws/commons/axiom/axiom-impl/1.2.13/axiom-impl-1.2.13.jar:/Users/csubramani/.m2/repository/org/codehaus/woodstox/wstx-asl/3.2.9/wstx-asl-3.2.9.jar:/Users/csubramani/.m2/repository/wsdl4j/wsdl4j/1.6.2/wsdl4j-1.6.2.jar:/Users/csubramani/.m2/repository/org/apache/xmlbeans/xmlbeans/2.3.0/xmlbeans-2.3.0.jar:/Users/csubramani/.m2/repository/stax/stax-api/1.0.1/stax-api-1.0.1.jar:"/>
    <property name="java.specification.name" value="Java Platform API Specification"/>
    <property name="java.class.version" value="50.0"/>
    <property name="sun.management.compiler" value="HotSpot 64-Bit Tiered Compilers"/>
    <property name="os.version" value="10.7.5"/>
    <property name="http.nonProxyHosts" value="local|*.local|169.254/16|*.169.254/16"/>
    <property name="user.home" value="/Users/csubramani"/>
    <property name="user.timezone" value=""/>
    <property name="java.awt.printerjob" value="apple.awt.CPrinterJob"/>
    <property name="java.specification.version" value="1.6"/>
    <property name="file.encoding" value="MacRoman"/>
    <property name="user.name" value="csubramani"/>
    <property name="java.class.path" value="/Users/csubramani/SpringWebServicesExamples/target/test-classes:/Users/csubramani/SpringWebServicesExamples/target/classes:/Users/csubramani/.m2/repository/junit/junit/3.8.1/junit-3.8.1.jar:/Users/csubramani/.m2/repository/org/springframework/spring/2.5.6/spring-2.5.6.jar:/Users/csubramani/.m2/repository/commons-logging/commons-logging/1.1.1/commons-logging-1.1.1.jar:/Users/csubramani/.m2/repository/org/apache/axis2/axis2/1.6.2/axis2-1.6.2.jar:/Users/csubramani/.m2/repository/org/apache/axis2/axis2-adb/1.6.2/axis2-adb-1.6.2.jar:/Users/csubramani/.m2/repository/org/apache/axis2/axis2-kernel/1.6.2/axis2-kernel-1.6.2.jar:/Users/csubramani/.m2/repository/org/apache/geronimo/specs/geronimo-ws-metadata_2.0_spec/1.1.2/geronimo-ws-metadata_2.0_spec-1.1.2.jar:/Users/csubramani/.m2/repository/org/apache/geronimo/specs/geronimo-jta_1.1_spec/1.1/geronimo-jta_1.1_spec-1.1.jar:/Users/csubramani/.m2/repository/javax/servlet/servlet-api/2.3/servlet-api-2.3.jar:/Users/csubramani/.m2/repository/commons-httpclient/commons-httpclient/3.1/commons-httpclient-3.1.jar:/Users/csubramani/.m2/repository/commons-codec/commons-codec/1.2/commons-codec-1.2.jar:/Users/csubramani/.m2/repository/commons-fileupload/commons-fileupload/1.2/commons-fileupload-1.2.jar:/Users/csubramani/.m2/repository/org/apache/ws/commons/schema/XmlSchema/1.4.7/XmlSchema-1.4.7.jar:/Users/csubramani/.m2/repository/org/apache/neethi/neethi/3.0.2/neethi-3.0.2.jar:/Users/csubramani/.m2/repository/org/apache/woden/woden-api/1.0M9/woden-api-1.0M9.jar:/Users/csubramani/.m2/repository/org/apache/woden/woden-impl-dom/1.0M9/woden-impl-dom-1.0M9.jar:/Users/csubramani/.m2/repository/org/apache/woden/woden-impl-commons/1.0M9/woden-impl-commons-1.0M9.jar:/Users/csubramani/.m2/repository/javax/ws/rs/jsr311-api/1.0/jsr311-api-1.0.jar:/Users/csubramani/.m2/repository/org/apache/geronimo/specs/geronimo-activation_1.1_spec/1.0.2/geronimo-activation_1.1_spec-1.0.2.jar:/Users/csubramani/.m2/repository/org/apache/ws/commons/axiom/axiom-api/1.2.13/axiom-api-1.2.13.jar:/Users/csubramani/.m2/repository/org/apache/geronimo/specs/geronimo-javamail_1.4_spec/1.7.1/geronimo-javamail_1.4_spec-1.7.1.jar:/Users/csubramani/.m2/repository/jaxen/jaxen/1.1.3/jaxen-1.1.3.jar:/Users/csubramani/.m2/repository/org/apache/geronimo/specs/geronimo-stax-api_1.0_spec/1.0.1/geronimo-stax-api_1.0_spec-1.0.1.jar:/Users/csubramani/.m2/repository/org/apache/james/apache-mime4j-core/0.7.2/apache-mime4j-core-0.7.2.jar:/Users/csubramani/.m2/repository/org/apache/ws/commons/axiom/axiom-impl/1.2.13/axiom-impl-1.2.13.jar:/Users/csubramani/.m2/repository/org/codehaus/woodstox/wstx-asl/3.2.9/wstx-asl-3.2.9.jar:/Users/csubramani/.m2/repository/wsdl4j/wsdl4j/1.6.2/wsdl4j-1.6.2.jar:/Users/csubramani/.m2/repository/org/apache/xmlbeans/xmlbeans/2.3.0/xmlbeans-2.3.0.jar:/Users/csubramani/.m2/repository/stax/stax-api/1.0.1/stax-api-1.0.1.jar:"/>
    <property name="java.vm.specification.version" value="1.0"/>
    <property name="sun.arch.data.model" value="64"/>
    <property name="java.home" value="/System/Library/Java/JavaVirtualMachines/1.6.0.jdk/Contents/Home"/>
    <property name="sun.java.command" value="/Users/csubramani/SpringWebServicesExamples/target/surefire/surefirebooter4941179469213341385.jar /Users/csubramani/SpringWebServicesExamples/target/surefire/surefire965429899680668660tmp /Users/csubramani/SpringWebServicesExamples/target/surefire/surefire562079605969591394tmp"/>
    <property name="java.specification.vendor" value="Sun Microsystems Inc."/>
    <property name="user.language" value="en"/>
    <property name="awt.toolkit" value="apple.awt.CToolkit"/>
    <property name="java.vm.info" value="mixed mode"/>
    <property name="java.version" value="1.6.0_29"/>
    <property name="java.ext.dirs" value="/Library/Java/Extensions:/System/Library/Java/Extensions:/System/Library/Java/JavaVirtualMachines/1.6.0.jdk/Contents/Home/lib/ext"/>
    <property name="sun.boot.class.path" value="/System/Library/Java/JavaVirtualMachines/1.6.0.jdk/Contents/Classes/jsfd.jar:/System/Library/Java/JavaVirtualMachines/1.6.0.jdk/Contents/Classes/classes.jar:/System/Library/Frameworks/JavaVM.framework/Frameworks/JavaRuntimeSupport.framework/Resources/Java/JavaRuntimeSupport.jar:/System/Library/Java/JavaVirtualMachines/1.6.0.jdk/Contents/Classes/ui.jar:/System/Library/Java/JavaVirtualMachines/1.6.0.jdk/Contents/Classes/laf.jar:/System/Library/Java/JavaVirtualMachines/1.6.0.jdk/Contents/Classes/sunrsasign.jar:/System/Library/Java/JavaVirtualMachines/1.6.0.jdk/Contents/Classes/jsse.jar:/System/Library/Java/JavaVirtualMachines/1.6.0.jdk/Contents/Classes/jce.jar:/System/Library/Java/JavaVirtualMachines/1.6.0.jdk/Contents/Classes/charsets.jar"/>
    <property name="java.vendor" value="Apple Inc."/>
    <property name="localRepository" value="/Users/csubramani/.m2/repository"/>
    <property name="file.separator" value="/"/>
    <property name="java.vendor.url.bug" value="http://bugreport.apple.com/"/>
    <property name="sun.cpu.endian" value="little"/>
    <property name="sun.io.unicode.encoding" value="UnicodeLittle"/>
    <property name="mrj.version" value="1070.1.6.0_29-402"/>
    <property name="socksNonProxyHosts" value="local|*.local|169.254/16|*.169.254/16"/>
    <property name="ftp.nonProxyHosts" value="local|*.local|169.254/16|*.169.254/16"/>
    <property name="sun.cpu.isalist" value=""/>
  </properties>
  <testcase time="0.002" classname="com.mkexample.spring.webservices.AppTest" name="testApp"/>
</testsuite>